Determining if the pthread_create exist failed with the following output:
Change Dir: /home/liyang/worktree2018/drager/build-tool2/CMakeFiles/CMakeTmp

Run Build Command:"/usr/bin/make" "cmTC_1ed1f/fast"
/usr/bin/make -f CMakeFiles/cmTC_1ed1f.dir/build.make CMakeFiles/cmTC_1ed1f.dir/build
make[1]: Entering directory '/home/liyang/worktree2018/drager/build-tool2/CMakeFiles/CMakeTmp'
Building C object CMakeFiles/cmTC_1ed1f.dir/CheckSymbolExists.c.o
/usr/bin/cc     -o CMakeFiles/cmTC_1ed1f.dir/CheckSymbolExists.c.o   -c /home/liyang/worktree2018/drager/build-tool2/CMakeFiles/CMakeTmp/CheckSymbolExists.c
Linking C executable cmTC_1ed1f
/usr/bin/cmake -E cmake_link_script CMakeFiles/cmTC_1ed1f.dir/link.txt --verbose=1
/usr/bin/cc       CMakeFiles/cmTC_1ed1f.dir/CheckSymbolExists.c.o  -o cmTC_1ed1f -rdynamic 
CMakeFiles/cmTC_1ed1f.dir/CheckSymbolExists.c.o：在函数‘main’中：
CheckSymbolExists.c:(.text+0x16)：对‘pthread_create’未定义的引用
collect2: error: ld returned 1 exit status
CMakeFiles/cmTC_1ed1f.dir/build.make:97: recipe for target 'cmTC_1ed1f' failed
make[1]: *** [cmTC_1ed1f] Error 1
make[1]: Leaving directory '/home/liyang/worktree2018/drager/build-tool2/CMakeFiles/CMakeTmp'
Makefile:126: recipe for target 'cmTC_1ed1f/fast' failed
make: *** [cmTC_1ed1f/fast] Error 2

File /home/liyang/worktree2018/drager/build-tool2/CMakeFiles/CMakeTmp/CheckSymbolExists.c:
/* */
#include <pthread.h>

int main(int argc, char** argv)
{
  (void)argv;
#ifndef pthread_create
  return ((int*)(&pthread_create))[argc];
#else
  (void)argc;
  return 0;
#endif
}

Determining if the function pthread_create exists in the pthreads failed with the following output:
Change Dir: /home/liyang/worktree2018/drager/build-tool2/CMakeFiles/CMakeTmp

Run Build Command:"/usr/bin/make" "cmTC_a32a0/fast"
/usr/bin/make -f CMakeFiles/cmTC_a32a0.dir/build.make CMakeFiles/cmTC_a32a0.dir/build
make[1]: Entering directory '/home/liyang/worktree2018/drager/build-tool2/CMakeFiles/CMakeTmp'
Building C object CMakeFiles/cmTC_a32a0.dir/CheckFunctionExists.c.o
/usr/bin/cc    -DCHECK_FUNCTION_EXISTS=pthread_create   -o CMakeFiles/cmTC_a32a0.dir/CheckFunctionExists.c.o   -c /usr/share/cmake-3.5/Modules/CheckFunctionExists.c
Linking C executable cmTC_a32a0
/usr/bin/cmake -E cmake_link_script CMakeFiles/cmTC_a32a0.dir/link.txt --verbose=1
/usr/bin/cc   -DCHECK_FUNCTION_EXISTS=pthread_create    CMakeFiles/cmTC_a32a0.dir/CheckFunctionExists.c.o  -o cmTC_a32a0 -rdynamic -lpthreads 
/usr/bin/ld: 找不到 -lpthreads
collect2: error: ld returned 1 exit status
CMakeFiles/cmTC_a32a0.dir/build.make:97: recipe for target 'cmTC_a32a0' failed
make[1]: *** [cmTC_a32a0] Error 1
make[1]: Leaving directory '/home/liyang/worktree2018/drager/build-tool2/CMakeFiles/CMakeTmp'
Makefile:126: recipe for target 'cmTC_a32a0/fast' failed
make: *** [cmTC_a32a0/fast] Error 2


Determining if the pthread_create exist failed with the following output:
Change Dir: /home/liyang/worktree2018/drager/build-tool2/CMakeFiles/CMakeTmp

Run Build Command:"/usr/bin/make" "cmTC_b298c/fast"
/usr/bin/make -f CMakeFiles/cmTC_b298c.dir/build.make CMakeFiles/cmTC_b298c.dir/build
make[1]: Entering directory '/home/liyang/worktree2018/drager/build-tool2/CMakeFiles/CMakeTmp'
Building C object CMakeFiles/cmTC_b298c.dir/CheckSymbolExists.c.o
/usr/bin/cc     -o CMakeFiles/cmTC_b298c.dir/CheckSymbolExists.c.o   -c /home/liyang/worktree2018/drager/build-tool2/CMakeFiles/CMakeTmp/CheckSymbolExists.c
Linking C executable cmTC_b298c
/usr/bin/cmake -E cmake_link_script CMakeFiles/cmTC_b298c.dir/link.txt --verbose=1
/usr/bin/cc       CMakeFiles/cmTC_b298c.dir/CheckSymbolExists.c.o  -o cmTC_b298c -rdynamic 
CMakeFiles/cmTC_b298c.dir/CheckSymbolExists.c.o：在函数‘main’中：
CheckSymbolExists.c:(.text+0x16)：对‘pthread_create’未定义的引用
collect2: error: ld returned 1 exit status
CMakeFiles/cmTC_b298c.dir/build.make:97: recipe for target 'cmTC_b298c' failed
make[1]: *** [cmTC_b298c] Error 1
make[1]: Leaving directory '/home/liyang/worktree2018/drager/build-tool2/CMakeFiles/CMakeTmp'
Makefile:126: recipe for target 'cmTC_b298c/fast' failed
make: *** [cmTC_b298c/fast] Error 2

File /home/liyang/worktree2018/drager/build-tool2/CMakeFiles/CMakeTmp/CheckSymbolExists.c:
/* */
#include <pthread.h>

int main(int argc, char** argv)
{
  (void)argv;
#ifndef pthread_create
  return ((int*)(&pthread_create))[argc];
#else
  (void)argc;
  return 0;
#endif
}

Determining if the function pthread_create exists in the pthreads failed with the following output:
Change Dir: /home/liyang/worktree2018/drager/build-tool2/CMakeFiles/CMakeTmp

Run Build Command:"/usr/bin/make" "cmTC_ed0d1/fast"
/usr/bin/make -f CMakeFiles/cmTC_ed0d1.dir/build.make CMakeFiles/cmTC_ed0d1.dir/build
make[1]: Entering directory '/home/liyang/worktree2018/drager/build-tool2/CMakeFiles/CMakeTmp'
Building C object CMakeFiles/cmTC_ed0d1.dir/CheckFunctionExists.c.o
/usr/bin/cc    -DCHECK_FUNCTION_EXISTS=pthread_create   -o CMakeFiles/cmTC_ed0d1.dir/CheckFunctionExists.c.o   -c /usr/share/cmake-3.5/Modules/CheckFunctionExists.c
Linking C executable cmTC_ed0d1
/usr/bin/cmake -E cmake_link_script CMakeFiles/cmTC_ed0d1.dir/link.txt --verbose=1
/usr/bin/cc   -DCHECK_FUNCTION_EXISTS=pthread_create    CMakeFiles/cmTC_ed0d1.dir/CheckFunctionExists.c.o  -o cmTC_ed0d1 -rdynamic -lpthreads 
/usr/bin/ld: 找不到 -lpthreads
collect2: error: ld returned 1 exit status
CMakeFiles/cmTC_ed0d1.dir/build.make:97: recipe for target 'cmTC_ed0d1' failed
make[1]: *** [cmTC_ed0d1] Error 1
make[1]: Leaving directory '/home/liyang/worktree2018/drager/build-tool2/CMakeFiles/CMakeTmp'
Makefile:126: recipe for target 'cmTC_ed0d1/fast' failed
make: *** [cmTC_ed0d1/fast] Error 2


