Determining if the pthread_create exist failed with the following output:
Change Dir: /home/liyang/worktree2018/robotbaipingheng/build-tool2/CMakeFiles/CMakeTmp

Run Build Command:"/usr/bin/make" "cmTC_9ba21/fast"
/usr/bin/make -f CMakeFiles/cmTC_9ba21.dir/build.make CMakeFiles/cmTC_9ba21.dir/build
make[1]: Entering directory '/home/liyang/worktree2018/robotbaipingheng/build-tool2/CMakeFiles/CMakeTmp'
Building C object CMakeFiles/cmTC_9ba21.dir/CheckSymbolExists.c.o
/usr/bin/cc     -o CMakeFiles/cmTC_9ba21.dir/CheckSymbolExists.c.o   -c /home/liyang/worktree2018/robotbaipingheng/build-tool2/CMakeFiles/CMakeTmp/CheckSymbolExists.c
Linking C executable cmTC_9ba21
/usr/bin/cmake -E cmake_link_script CMakeFiles/cmTC_9ba21.dir/link.txt --verbose=1
/usr/bin/cc       CMakeFiles/cmTC_9ba21.dir/CheckSymbolExists.c.o  -o cmTC_9ba21 -rdynamic 
CMakeFiles/cmTC_9ba21.dir/CheckSymbolExists.c.o：在函数‘main’中：
CheckSymbolExists.c:(.text+0x16)：对‘pthread_create’未定义的引用
collect2: error: ld returned 1 exit status
CMakeFiles/cmTC_9ba21.dir/build.make:97: recipe for target 'cmTC_9ba21' failed
make[1]: *** [cmTC_9ba21] Error 1
make[1]: Leaving directory '/home/liyang/worktree2018/robotbaipingheng/build-tool2/CMakeFiles/CMakeTmp'
Makefile:126: recipe for target 'cmTC_9ba21/fast' failed
make: *** [cmTC_9ba21/fast] Error 2

File /home/liyang/worktree2018/robotbaipingheng/build-tool2/CMakeFiles/CMakeTmp/CheckSymbolExists.c:
/* */
#include <pthread.h>

int main(int argc, char** argv)
{
  (void)argv;
#ifndef pthread_create
  return ((int*)(&pthread_create))[argc];
#else
  (void)argc;
  return 0;
#endif
}

Determining if the function pthread_create exists in the pthreads failed with the following output:
Change Dir: /home/liyang/worktree2018/robotbaipingheng/build-tool2/CMakeFiles/CMakeTmp

Run Build Command:"/usr/bin/make" "cmTC_fd515/fast"
/usr/bin/make -f CMakeFiles/cmTC_fd515.dir/build.make CMakeFiles/cmTC_fd515.dir/build
make[1]: Entering directory '/home/liyang/worktree2018/robotbaipingheng/build-tool2/CMakeFiles/CMakeTmp'
Building C object CMakeFiles/cmTC_fd515.dir/CheckFunctionExists.c.o
/usr/bin/cc    -DCHECK_FUNCTION_EXISTS=pthread_create   -o CMakeFiles/cmTC_fd515.dir/CheckFunctionExists.c.o   -c /usr/share/cmake-3.5/Modules/CheckFunctionExists.c
Linking C executable cmTC_fd515
/usr/bin/cmake -E cmake_link_script CMakeFiles/cmTC_fd515.dir/link.txt --verbose=1
/usr/bin/cc   -DCHECK_FUNCTION_EXISTS=pthread_create    CMakeFiles/cmTC_fd515.dir/CheckFunctionExists.c.o  -o cmTC_fd515 -rdynamic -lpthreads 
/usr/bin/ld: 找不到 -lpthreads
collect2: error: ld returned 1 exit status
CMakeFiles/cmTC_fd515.dir/build.make:97: recipe for target 'cmTC_fd515' failed
make[1]: *** [cmTC_fd515] Error 1
make[1]: Leaving directory '/home/liyang/worktree2018/robotbaipingheng/build-tool2/CMakeFiles/CMakeTmp'
Makefile:126: recipe for target 'cmTC_fd515/fast' failed
make: *** [cmTC_fd515/fast] Error 2


Determining if the pthread_create exist failed with the following output:
Change Dir: /home/liyang/worktree2018/robotbaipingheng/build-tool2/CMakeFiles/CMakeTmp

Run Build Command:"/usr/bin/make" "cmTC_3e041/fast"
/usr/bin/make -f CMakeFiles/cmTC_3e041.dir/build.make CMakeFiles/cmTC_3e041.dir/build
make[1]: Entering directory '/home/liyang/worktree2018/robotbaipingheng/build-tool2/CMakeFiles/CMakeTmp'
Building C object CMakeFiles/cmTC_3e041.dir/CheckSymbolExists.c.o
/usr/bin/cc     -o CMakeFiles/cmTC_3e041.dir/CheckSymbolExists.c.o   -c /home/liyang/worktree2018/robotbaipingheng/build-tool2/CMakeFiles/CMakeTmp/CheckSymbolExists.c
Linking C executable cmTC_3e041
/usr/bin/cmake -E cmake_link_script CMakeFiles/cmTC_3e041.dir/link.txt --verbose=1
/usr/bin/cc       CMakeFiles/cmTC_3e041.dir/CheckSymbolExists.c.o  -o cmTC_3e041 -rdynamic 
CMakeFiles/cmTC_3e041.dir/CheckSymbolExists.c.o：在函数‘main’中：
CheckSymbolExists.c:(.text+0x16)：对‘pthread_create’未定义的引用
collect2: error: ld returned 1 exit status
CMakeFiles/cmTC_3e041.dir/build.make:97: recipe for target 'cmTC_3e041' failed
make[1]: *** [cmTC_3e041] Error 1
make[1]: Leaving directory '/home/liyang/worktree2018/robotbaipingheng/build-tool2/CMakeFiles/CMakeTmp'
Makefile:126: recipe for target 'cmTC_3e041/fast' failed
make: *** [cmTC_3e041/fast] Error 2

File /home/liyang/worktree2018/robotbaipingheng/build-tool2/CMakeFiles/CMakeTmp/CheckSymbolExists.c:
/* */
#include <pthread.h>

int main(int argc, char** argv)
{
  (void)argv;
#ifndef pthread_create
  return ((int*)(&pthread_create))[argc];
#else
  (void)argc;
  return 0;
#endif
}

Determining if the function pthread_create exists in the pthreads failed with the following output:
Change Dir: /home/liyang/worktree2018/robotbaipingheng/build-tool2/CMakeFiles/CMakeTmp

Run Build Command:"/usr/bin/make" "cmTC_2e6c4/fast"
/usr/bin/make -f CMakeFiles/cmTC_2e6c4.dir/build.make CMakeFiles/cmTC_2e6c4.dir/build
make[1]: Entering directory '/home/liyang/worktree2018/robotbaipingheng/build-tool2/CMakeFiles/CMakeTmp'
Building C object CMakeFiles/cmTC_2e6c4.dir/CheckFunctionExists.c.o
/usr/bin/cc    -DCHECK_FUNCTION_EXISTS=pthread_create   -o CMakeFiles/cmTC_2e6c4.dir/CheckFunctionExists.c.o   -c /usr/share/cmake-3.5/Modules/CheckFunctionExists.c
Linking C executable cmTC_2e6c4
/usr/bin/cmake -E cmake_link_script CMakeFiles/cmTC_2e6c4.dir/link.txt --verbose=1
/usr/bin/cc   -DCHECK_FUNCTION_EXISTS=pthread_create    CMakeFiles/cmTC_2e6c4.dir/CheckFunctionExists.c.o  -o cmTC_2e6c4 -rdynamic -lpthreads 
/usr/bin/ld: 找不到 -lpthreads
collect2: error: ld returned 1 exit status
CMakeFiles/cmTC_2e6c4.dir/build.make:97: recipe for target 'cmTC_2e6c4' failed
make[1]: *** [cmTC_2e6c4] Error 1
make[1]: Leaving directory '/home/liyang/worktree2018/robotbaipingheng/build-tool2/CMakeFiles/CMakeTmp'
Makefile:126: recipe for target 'cmTC_2e6c4/fast' failed
make: *** [cmTC_2e6c4/fast] Error 2


Determining if the pthread_create exist failed with the following output:
Change Dir: /home/liyang/worktree2018/robotbaipingheng/build-tool2/CMakeFiles/CMakeTmp

Run Build Command:"/usr/bin/make" "cmTC_258e0/fast"
/usr/bin/make -f CMakeFiles/cmTC_258e0.dir/build.make CMakeFiles/cmTC_258e0.dir/build
make[1]: Entering directory '/home/liyang/worktree2018/robotbaipingheng/build-tool2/CMakeFiles/CMakeTmp'
Building C object CMakeFiles/cmTC_258e0.dir/CheckSymbolExists.c.o
/usr/bin/cc     -o CMakeFiles/cmTC_258e0.dir/CheckSymbolExists.c.o   -c /home/liyang/worktree2018/robotbaipingheng/build-tool2/CMakeFiles/CMakeTmp/CheckSymbolExists.c
Linking C executable cmTC_258e0
/usr/bin/cmake -E cmake_link_script CMakeFiles/cmTC_258e0.dir/link.txt --verbose=1
/usr/bin/cc       CMakeFiles/cmTC_258e0.dir/CheckSymbolExists.c.o  -o cmTC_258e0 -rdynamic 
CMakeFiles/cmTC_258e0.dir/CheckSymbolExists.c.o：在函数‘main’中：
CheckSymbolExists.c:(.text+0x16)：对‘pthread_create’未定义的引用
collect2: error: ld returned 1 exit status
CMakeFiles/cmTC_258e0.dir/build.make:97: recipe for target 'cmTC_258e0' failed
make[1]: *** [cmTC_258e0] Error 1
make[1]: Leaving directory '/home/liyang/worktree2018/robotbaipingheng/build-tool2/CMakeFiles/CMakeTmp'
Makefile:126: recipe for target 'cmTC_258e0/fast' failed
make: *** [cmTC_258e0/fast] Error 2

File /home/liyang/worktree2018/robotbaipingheng/build-tool2/CMakeFiles/CMakeTmp/CheckSymbolExists.c:
/* */
#include <pthread.h>

int main(int argc, char** argv)
{
  (void)argv;
#ifndef pthread_create
  return ((int*)(&pthread_create))[argc];
#else
  (void)argc;
  return 0;
#endif
}

Determining if the function pthread_create exists in the pthreads failed with the following output:
Change Dir: /home/liyang/worktree2018/robotbaipingheng/build-tool2/CMakeFiles/CMakeTmp

Run Build Command:"/usr/bin/make" "cmTC_59262/fast"
/usr/bin/make -f CMakeFiles/cmTC_59262.dir/build.make CMakeFiles/cmTC_59262.dir/build
make[1]: Entering directory '/home/liyang/worktree2018/robotbaipingheng/build-tool2/CMakeFiles/CMakeTmp'
Building C object CMakeFiles/cmTC_59262.dir/CheckFunctionExists.c.o
/usr/bin/cc    -DCHECK_FUNCTION_EXISTS=pthread_create   -o CMakeFiles/cmTC_59262.dir/CheckFunctionExists.c.o   -c /usr/share/cmake-3.5/Modules/CheckFunctionExists.c
Linking C executable cmTC_59262
/usr/bin/cmake -E cmake_link_script CMakeFiles/cmTC_59262.dir/link.txt --verbose=1
/usr/bin/cc   -DCHECK_FUNCTION_EXISTS=pthread_create    CMakeFiles/cmTC_59262.dir/CheckFunctionExists.c.o  -o cmTC_59262 -rdynamic -lpthreads 
/usr/bin/ld: 找不到 -lpthreads
collect2: error: ld returned 1 exit status
CMakeFiles/cmTC_59262.dir/build.make:97: recipe for target 'cmTC_59262' failed
make[1]: *** [cmTC_59262] Error 1
make[1]: Leaving directory '/home/liyang/worktree2018/robotbaipingheng/build-tool2/CMakeFiles/CMakeTmp'
Makefile:126: recipe for target 'cmTC_59262/fast' failed
make: *** [cmTC_59262/fast] Error 2


Determining if the pthread_create exist failed with the following output:
Change Dir: /home/liyang/worktree2018/robotbaipingheng/build-tool2/CMakeFiles/CMakeTmp

Run Build Command:"/usr/bin/make" "cmTC_21e80/fast"
/usr/bin/make -f CMakeFiles/cmTC_21e80.dir/build.make CMakeFiles/cmTC_21e80.dir/build
make[1]: Entering directory '/home/liyang/worktree2018/robotbaipingheng/build-tool2/CMakeFiles/CMakeTmp'
Building C object CMakeFiles/cmTC_21e80.dir/CheckSymbolExists.c.o
/usr/bin/cc     -o CMakeFiles/cmTC_21e80.dir/CheckSymbolExists.c.o   -c /home/liyang/worktree2018/robotbaipingheng/build-tool2/CMakeFiles/CMakeTmp/CheckSymbolExists.c
Linking C executable cmTC_21e80
/usr/bin/cmake -E cmake_link_script CMakeFiles/cmTC_21e80.dir/link.txt --verbose=1
/usr/bin/cc       CMakeFiles/cmTC_21e80.dir/CheckSymbolExists.c.o  -o cmTC_21e80 -rdynamic 
CMakeFiles/cmTC_21e80.dir/CheckSymbolExists.c.o：在函数‘main’中：
CheckSymbolExists.c:(.text+0x16)：对‘pthread_create’未定义的引用
collect2: error: ld returned 1 exit status
CMakeFiles/cmTC_21e80.dir/build.make:97: recipe for target 'cmTC_21e80' failed
make[1]: *** [cmTC_21e80] Error 1
make[1]: Leaving directory '/home/liyang/worktree2018/robotbaipingheng/build-tool2/CMakeFiles/CMakeTmp'
Makefile:126: recipe for target 'cmTC_21e80/fast' failed
make: *** [cmTC_21e80/fast] Error 2

File /home/liyang/worktree2018/robotbaipingheng/build-tool2/CMakeFiles/CMakeTmp/CheckSymbolExists.c:
/* */
#include <pthread.h>

int main(int argc, char** argv)
{
  (void)argv;
#ifndef pthread_create
  return ((int*)(&pthread_create))[argc];
#else
  (void)argc;
  return 0;
#endif
}

Determining if the function pthread_create exists in the pthreads failed with the following output:
Change Dir: /home/liyang/worktree2018/robotbaipingheng/build-tool2/CMakeFiles/CMakeTmp

Run Build Command:"/usr/bin/make" "cmTC_3f206/fast"
/usr/bin/make -f CMakeFiles/cmTC_3f206.dir/build.make CMakeFiles/cmTC_3f206.dir/build
make[1]: Entering directory '/home/liyang/worktree2018/robotbaipingheng/build-tool2/CMakeFiles/CMakeTmp'
Building C object CMakeFiles/cmTC_3f206.dir/CheckFunctionExists.c.o
/usr/bin/cc    -DCHECK_FUNCTION_EXISTS=pthread_create   -o CMakeFiles/cmTC_3f206.dir/CheckFunctionExists.c.o   -c /usr/share/cmake-3.5/Modules/CheckFunctionExists.c
Linking C executable cmTC_3f206
/usr/bin/cmake -E cmake_link_script CMakeFiles/cmTC_3f206.dir/link.txt --verbose=1
/usr/bin/cc   -DCHECK_FUNCTION_EXISTS=pthread_create    CMakeFiles/cmTC_3f206.dir/CheckFunctionExists.c.o  -o cmTC_3f206 -rdynamic -lpthreads 
/usr/bin/ld: 找不到 -lpthreads
collect2: error: ld returned 1 exit status
CMakeFiles/cmTC_3f206.dir/build.make:97: recipe for target 'cmTC_3f206' failed
make[1]: *** [cmTC_3f206] Error 1
make[1]: Leaving directory '/home/liyang/worktree2018/robotbaipingheng/build-tool2/CMakeFiles/CMakeTmp'
Makefile:126: recipe for target 'cmTC_3f206/fast' failed
make: *** [cmTC_3f206/fast] Error 2


